{
  "alarms": [],
  "totalAlarms": 0
}{
  "alarms": [],
  "totalAlarms": 0
}{
  "alarms": [],
  "totalAlarms": 0
}{
  "alarms": [],
  "totalAlarms": 0
}{
  "alarms": [],
  "totalAlarms": 0
}{
  "alarms": [],
  "totalAlarms": 0
}{
  "alarms": [],
  "totalAlarms": 0
}{
  "alarms": [],
  "totalAlarms": 0
}{
  "alarms": [],
  "totalAlarms": 0
}{
  "alarms": [],
  "totalAlarms": 0
}{
  "alarms": [],
  "totalAlarms": 0
}{
  "alarms": [],
  "totalAlarms": 0
}{
  "alarms": [],
  "totalAlarms": 0
}{
  "alarms": [],
  "totalAlarms": 0
}{
  "alarms": [],
  "totalAlarms": 0
}{
  "alarms": [],
  "totalAlarms": 0
}{
  "alarms": [],
  "totalAlarms": 0
}{
  "alarms": [],
  "totalAlarms": 0
}{
  "alarms": [],
  "totalAlarms": 0
}{
  "alarms": [],
  "totalAlarms": 0
}{
  "alarms": [],
  "totalAlarms": 0
}{
  "alarms": [],
  "totalAlarms": 0
}{
  "alarms": [],
  "totalAlarms": 0
}{
  "alarms": [],
  "totalAlarms": 0
}{
  "alarms": [],
  "totalAlarms": 0
}{
  "alarms": [],
  "totalAlarms": 0
}{
  "alarms": [],
  "totalAlarms": 0
}{
  "alarms": [],
  "totalAlarms": 0
}{
  "alarms": [],
  "totalAlarms": 0
}{
  "alarms": [],
  "totalAlarms": 0
}{
  "alarms": [],
  "totalAlarms": 0
}{
  "alarms": [],
  "totalAlarms": 0
}{
  "alarms": [],
  "totalAlarms": 0
}{
  "alarms": [],
  "totalAlarms": 0
}{
  "alarms": [],
  "totalAlarms": 0
}{
  "alarms": [],
  "totalAlarms": 0
}{
  "alarms": [],
  "totalAlarms": 0
}{
  "alarms": [],
  "totalAlarms": 0
}{
  "alarms": [],
  "totalAlarms": 0
}{
  "alarms": [],
  "totalAlarms": 0
}{
  "alarms": [],
  "totalAlarms": 0
}{
  "alarms": [],
  "totalAlarms": 0
}{
  "alarms": [],
  "totalAlarms": 0
}{
  "alarms": [],
  "totalAlarms": 0
}{
  "alarms": [],
  "totalAlarms": 0
}{
  "alarms": [],
  "totalAlarms": 0
}{
  "alarms": [],
  "totalAlarms": 0
}{
  "alarms": [],
  "totalAlarms": 0
}{
  "alarms": [],
  "totalAlarms": 0
}{
  "alarms": [],
  "totalAlarms": 0
}{
  "alarms": [],
  "totalAlarms": 0
}{
  "alarms": [],
  "totalAlarms": 0
}{
  "alarms": [],
  "totalAlarms": 0
}{
  "alarms": [],
  "totalAlarms": 0
}{
  "alarms": [],
  "totalAlarms": 0
}{
  "alarms": [],
  "totalAlarms": 0
}{
  "alarms": [],
  "totalAlarms": 0
}{
  "alarms": [],
  "totalAlarms": 0
}{
  "alarms": [],
  "totalAlarms": 0
}{
  "alarms": [],
  "totalAlarms": 0
}{
  "alarms": [],
  "totalAlarms": 0
}{
  "alarms": [],
  "totalAlarms": 0
}{
  "alarms": [],
  "totalAlarms": 0
}{
  "alarms": [],
  "totalAlarms": 0
}{
  "alarms": [],
  "totalAlarms": 0
}{
  "alarms": [],
  "totalAlarms": 0
}